#
# There is insufficient memory for the Java Runtime Environment to continue.
# Native memory allocation (malloc) failed to allocate 32744 bytes for ChunkPool::allocate
# Possible reasons:
#   The system is out of physical RAM or swap space
#   In 32 bit mode, the process size limit was hit
# Possible solutions:
#   Reduce memory load on the system
#   Increase physical memory or swap space
#   Check if swap backing store is full
#   Use 64 bit Java on a 64 bit OS
#   Decrease Java heap size (-Xmx/-Xms)
#   Decrease number of Java threads
#   Decrease Java thread stack sizes (-Xss)
#   Set larger code cache with -XX:ReservedCodeCacheSize=
# This output file may be truncated or incomplete.
#
#  Out of Memory Error (allocation.cpp:273), pid=36324, tid=0x0000000000008388
#
# JRE version: OpenJDK Runtime Environment (8.0) (build 1.8.0-adoptopenjdk-_2018_05_19_00_59-b00)
# Java VM: OpenJDK 64-Bit Server VM (25.71-b00 mixed mode windows-amd64 compressed oops)
# Failed to write core dump. Minidumps are not enabled by default on client versions of Windows
#

---------------  T H R E A D  ---------------

Current thread (0x0000000028371800):  JavaThread "C2 CompilerThread0" daemon [_thread_in_native, id=33672, stack(0x00000000289e0000,0x0000000028ae0000)]

Stack: [0x00000000289e0000,0x0000000028ae0000]
[error occurred during error reporting (printing stack bounds), id 0xc0000005]

Native frames: (J=compiled Java code, j=interpreted, Vv=VM code, C=native code)


Current CompileTask:
C2:    571  308       4       java.lang.String::replace (127 bytes)


---------------  P R O C E S S  ---------------

Java Threads: ( => current thread )
  0x0000000028405000 JavaThread "Service Thread" daemon [_thread_blocked, id=36724, stack(0x0000000028de0000,0x0000000028ee0000)]
  0x000000002837c000 JavaThread "C1 CompilerThread3" daemon [_thread_in_native, id=13712, stack(0x0000000028ce0000,0x0000000028de0000)]
  0x0000000028378000 JavaThread "C2 CompilerThread2" daemon [_thread_blocked, id=36580, stack(0x0000000028be0000,0x0000000028ce0000)]
  0x0000000028375000 JavaThread "C2 CompilerThread1" daemon [_thread_blocked, id=19316, stack(0x0000000028ae0000,0x0000000028be0000)]
=>0x0000000028371800 JavaThread "C2 CompilerThread0" daemon [_thread_in_native, id=33672, stack(0x00000000289e0000,0x0000000028ae0000)]
  0x0000000028370000 JavaThread "Attach Listener" daemon [_thread_blocked, id=7368, stack(0x00000000288e0000,0x00000000289e0000)]
  0x000000002836f000 JavaThread "Signal Dispatcher" daemon [_thread_blocked, id=13164, stack(0x00000000287e0000,0x00000000288e0000)]
  0x0000000028300800 JavaThread "Finalizer" daemon [_thread_blocked, id=31760, stack(0x00000000286e0000,0x00000000287e0000)]
  0x00000000032bc000 JavaThread "Reference Handler" daemon [_thread_blocked, id=27720, stack(0x00000000281e0000,0x00000000282e0000)]
  0x00000000031c3800 JavaThread "main" [_thread_blocked, id=36436, stack(0x0000000002d40000,0x0000000002e40000)]

Other Threads:
  0x00000000263f6800 VMThread [stack: 0x00000000280e0000,0x00000000281e0000] [id=2216]
  0x0000000028406000 WatcherThread [stack: 0x0000000028ee0000,0x0000000028fe0000] [id=36476]

VM state:at safepoint (normal execution)

VM Mutex/Monitor currently owned by a thread:  ([mutex/lock_event])
[0x00000000031c0b50] Threads_lock - owner thread: 0x00000000263f6800
[0x00000000031c2a60] Heap_lock - owner thread: 0x00000000031c3800

Heap:
 PSYoungGen      total 153088K, used 1933K [0x0000000715800000, 0x0000000720280000, 0x00000007c0000000)
  eden space 131584K, 0% used [0x0000000715800000,0x0000000715800000,0x000000071d880000)
  from space 21504K, 8% used [0x000000071d880000,0x000000071da63588,0x000000071ed80000)
  to   space 21504K, 0% used [0x000000071ed80000,0x000000071ed80000,0x0000000720280000)
 ParOldGen       total 349696K, used 8K [0x00000005c0800000, 0x00000005d5d80000, 0x0000000715800000)
  object space 349696K, 0% used [0x00000005c0800000,0x00000005c0802000,0x00000005d5d80000)
 Metaspace       used 5305K, capacity 5536K, committed 5632K, reserved 1060864K
  class space    used 603K, capacity 697K, committed 768K, reserved 1048576K

Card table byte_map: [0x0000000012700000,0x0000000013700000] byte_map_base: 0x000000000f8fc000

Marking Bits: (ParMarkBitMap*) 0x0000000055e0be50
 Begin Bits: [0x00000000149b0000, 0x000000001c990000)
 End Bits:   [0x000000001c990000, 0x0000000024970000)

Polling page: 0x0000000001060000

CodeCache: size=245760Kb used=1668Kb max_used=1680Kb free=244091Kb
 bounds [0x0000000003340000, 0x00000000035b0000, 0x0000000012340000]
 total_blobs=596 nmethods=313 adapters=197
 compilation: enabled

Compilation events (10 events):
Event: 0.400 Thread 0x000000002837c000 nmethod 289 0x00000000034d6e50 code [0x00000000034d6fc0, 0x00000000034d71e8]
Event: 0.400 Thread 0x000000002837c000  290       3       java.lang.invoke.MemberName::getInvocationType (56 bytes)
Event: 0.401 Thread 0x000000002837c000 nmethod 290 0x00000000034d7410 code [0x00000000034d7600, 0x00000000034d8228]
Event: 0.401 Thread 0x000000002837c000  291       3       java.lang.invoke.InvokerBytecodeGenerator::isStaticallyNameable (116 bytes)
Event: 0.401 Thread 0x0000000028375000  295       4       java.lang.String::equals (81 bytes)
Event: 0.402 Thread 0x000000002837c000 nmethod 291 0x00000000034d8cd0 code [0x00000000034d9040, 0x00000000034db178]
Event: 0.402 Thread 0x000000002837c000  298       3       jdk.internal.org.objectweb.asm.Frame::execute (2252 bytes)
Event: 0.403 Thread 0x0000000028371800  308       4       java.lang.String::replace (127 bytes)
Event: 0.405 Thread 0x0000000028375000 nmethod 295 0x00000000034df590 code [0x00000000034df6e0, 0x00000000034df938]
Event: 0.408 Thread 0x0000000028378000  311       4       jdk.internal.org.objectweb.asm.ByteVector::putUTF8 (142 bytes)

GC Heap History (0 events):
No events

Deoptimization events (0 events):
No events

Classes redefined (0 events):
No events

Internal exceptions (10 events):
Event: 0.354 Thread 0x00000000031c3800 Exception <a 'java/security/PrivilegedActionException'> (0x0000000715da5e28) thrown at [C:\Users\jenkins\workspace\openjdk8_build_x86-64_windows\openjdk\hotspot\src\share\vm\prims\jvm.cpp, line 1435]
Event: 0.354 Thread 0x00000000031c3800 Exception <a 'java/security/PrivilegedActionException'> (0x0000000715da6d88) thrown at [C:\Users\jenkins\workspace\openjdk8_build_x86-64_windows\openjdk\hotspot\src\share\vm\prims\jvm.cpp, line 1435]
Event: 0.354 Thread 0x00000000031c3800 Exception <a 'java/security/PrivilegedActionException'> (0x0000000715da6f98) thrown at [C:\Users\jenkins\workspace\openjdk8_build_x86-64_windows\openjdk\hotspot\src\share\vm\prims\jvm.cpp, line 1435]
Event: 0.354 Thread 0x00000000031c3800 Exception <a 'java/security/PrivilegedActionException'> (0x0000000715da7f78) thrown at [C:\Users\jenkins\workspace\openjdk8_build_x86-64_windows\openjdk\hotspot\src\share\vm\prims\jvm.cpp, line 1435]
Event: 0.354 Thread 0x00000000031c3800 Exception <a 'java/security/PrivilegedActionException'> (0x0000000715da8188) thrown at [C:\Users\jenkins\workspace\openjdk8_build_x86-64_windows\openjdk\hotspot\src\share\vm\prims\jvm.cpp, line 1435]
Event: 0.354 Thread 0x00000000031c3800 Exception <a 'java/security/PrivilegedActionException'> (0x0000000715da97e0) thrown at [C:\Users\jenkins\workspace\openjdk8_build_x86-64_windows\openjdk\hotspot\src\share\vm\prims\jvm.cpp, line 1435]
Event: 0.354 Thread 0x00000000031c3800 Exception <a 'java/security/PrivilegedActionException'> (0x0000000715da99f0) thrown at [C:\Users\jenkins\workspace\openjdk8_build_x86-64_windows\openjdk\hotspot\src\share\vm\prims\jvm.cpp, line 1435]
Event: 0.355 Thread 0x00000000031c3800 Exception <a 'java/security/PrivilegedActionException'> (0x0000000715daab98) thrown at [C:\Users\jenkins\workspace\openjdk8_build_x86-64_windows\openjdk\hotspot\src\share\vm\prims\jvm.cpp, line 1435]
Event: 0.355 Thread 0x00000000031c3800 Exception <a 'java/security/PrivilegedActionException'> (0x0000000715daada8) thrown at [C:\Users\jenkins\workspace\openjdk8_build_x86-64_windows\openjdk\hotspot\src\share\vm\prims\jvm.cpp, line 1435]
Event: 0.404 Thread 0x00000000031c3800 Exception <a 'java/lang/NoSuchFieldError': method resolution failed> (0x0000000715ef1540) thrown at [C:\Users\jenkins\workspace\openjdk8_build_x86-64_windows\openjdk\hotspot\src\share\vm\prims\methodHandles.cpp, line 1167]

Events (10 events):
Event: 0.392 loading class java/lang/invoke/DelegatingMethodHandle done
Event: 0.392 loading class java/lang/invoke/MethodHandleImpl$AsVarargsCollector done
Event: 0.393 loading class java/lang/invoke/WrongMethodTypeException
Event: 0.393 loading class java/lang/invoke/WrongMethodTypeException done
Event: 0.394 loading class java/lang/invoke/MethodHandleImpl$Lazy
Event: 0.394 loading class java/lang/invoke/MethodHandleImpl$Lazy done
Event: 0.395 loading class java/lang/invoke/MethodHandleImpl$IntrinsicMethodHandle
Event: 0.395 loading class java/lang/invoke/MethodHandleImpl$IntrinsicMethodHandle done
Event: 0.404 loading class java/lang/NoSuchFieldError
Event: 0.404 loading class java/lang/NoSuchFieldError done


Dynamic libraries:
0x00007ff638380000 - 0x00007ff6383b5000 	C:\Program Files\Unity\Hub\Editor\2018.4.0f1\Editor\Data\PlaybackEngines\AndroidPlayer\Tools\OpenJDK\Windows\bin\java.exe
0x00007ff858380000 - 0x00007ff85856d000 	C:\Windows\SYSTEM32\ntdll.dll
0x00007ff855fd0000 - 0x00007ff856083000 	C:\Windows\System32\KERNEL32.DLL
0x00007ff854520000 - 0x00007ff8547b3000 	C:\Windows\System32\KERNELBASE.dll
0x00007ff856850000 - 0x00007ff8568f3000 	C:\Windows\System32\ADVAPI32.dll
0x00007ff857e00000 - 0x00007ff857e9e000 	C:\Windows\System32\msvcrt.dll
0x00007ff855710000 - 0x00007ff8557ae000 	C:\Windows\System32\sechost.dll
0x00007ff857ea0000 - 0x00007ff857fc2000 	C:\Windows\System32\RPCRT4.dll
0x00007ff8557b0000 - 0x00007ff855947000 	C:\Windows\System32\USER32.dll
0x00007ff854450000 - 0x00007ff854470000 	C:\Windows\System32\win32u.dll
0x00007ff858320000 - 0x00007ff858349000 	C:\Windows\System32\GDI32.dll
0x00007ff854bc0000 - 0x00007ff854d5a000 	C:\Windows\System32\gdi32full.dll
0x00007ff854b20000 - 0x00007ff854bc0000 	C:\Windows\System32\msvcp_win.dll
0x00007ff854820000 - 0x00007ff85491a000 	C:\Windows\System32\ucrtbase.dll
0x00007ff838d10000 - 0x00007ff838f89000 	C:\Windows\WinSxS\amd64_microsoft.windows.common-controls_6595b64144ccf1df_6.0.17763.437_none_05b63dca071e5dd6\COMCTL32.dll
0x00007ff8559b0000 - 0x00007ff855cdc000 	C:\Windows\System32\combase.dll
0x00007ff854470000 - 0x00007ff8544ee000 	C:\Windows\System32\bcryptPrimitives.dll
0x00007ff855680000 - 0x00007ff8556ae000 	C:\Windows\System32\IMM32.DLL
0x00000000560a0000 - 0x0000000056172000 	C:\Program Files\Unity\Hub\Editor\2018.4.0f1\Editor\Data\PlaybackEngines\AndroidPlayer\Tools\OpenJDK\Windows\jre\bin\msvcr100.dll
0x0000000055640000 - 0x0000000055e89000 	C:\Program Files\Unity\Hub\Editor\2018.4.0f1\Editor\Data\PlaybackEngines\AndroidPlayer\Tools\OpenJDK\Windows\jre\bin\server\jvm.dll
0x00007ff857df0000 - 0x00007ff857df8000 	C:\Windows\System32\PSAPI.DLL
0x00007ff83f800000 - 0x00007ff83f809000 	C:\Windows\SYSTEM32\WSOCK32.dll
0x00007ff84e950000 - 0x00007ff84e95a000 	C:\Windows\SYSTEM32\VERSION.dll
0x00007ff851f10000 - 0x00007ff851f34000 	C:\Windows\SYSTEM32\WINMM.dll
0x00007ff8582b0000 - 0x00007ff85831d000 	C:\Windows\System32\WS2_32.dll
0x00007ff851eb0000 - 0x00007ff851edd000 	C:\Windows\SYSTEM32\WINMMBASE.dll
0x00007ff855560000 - 0x00007ff8555aa000 	C:\Windows\System32\cfgmgr32.dll
0x00007ff847700000 - 0x00007ff84770f000 	C:\Program Files\Unity\Hub\Editor\2018.4.0f1\Editor\Data\PlaybackEngines\AndroidPlayer\Tools\OpenJDK\Windows\jre\bin\verify.dll
0x00007ff83ee10000 - 0x00007ff83ee39000 	C:\Program Files\Unity\Hub\Editor\2018.4.0f1\Editor\Data\PlaybackEngines\AndroidPlayer\Tools\OpenJDK\Windows\jre\bin\java.dll
0x00007ff83f1c0000 - 0x00007ff83f1d6000 	C:\Program Files\Unity\Hub\Editor\2018.4.0f1\Editor\Data\PlaybackEngines\AndroidPlayer\Tools\OpenJDK\Windows\jre\bin\zip.dll
0x00007ff856900000 - 0x00007ff857df0000 	C:\Windows\System32\SHELL32.dll
0x00007ff856520000 - 0x00007ff8565c8000 	C:\Windows\System32\shcore.dll
0x00007ff854e10000 - 0x00007ff85555a000 	C:\Windows\System32\windows.storage.dll
0x00007ff8543a0000 - 0x00007ff8543c4000 	C:\Windows\System32\profapi.dll
0x00007ff8543d0000 - 0x00007ff85442d000 	C:\Windows\System32\powrprof.dll
0x00007ff8565d0000 - 0x00007ff856622000 	C:\Windows\System32\shlwapi.dll
0x00007ff854430000 - 0x00007ff854441000 	C:\Windows\System32\kernel.appcore.dll
0x00007ff854b00000 - 0x00007ff854b17000 	C:\Windows\System32\cryptsp.dll

VM Arguments:
jvm_args: -Dcom.android.sdkmanager.toolsdir=C:\Users\Chrono\AppData\Local\Android\Sdk\tools\bin\\.. 
java_command: com.android.sdklib.tool.AvdManagerCli list target -c
java_class_path (initial): C:\Users\Chrono\AppData\Local\Android\Sdk\tools\bin\..\lib\dvlib-26.0.0-dev.jar;C:\Users\Chrono\AppData\Local\Android\Sdk\tools\bin\..\lib\jimfs-1.1.jar;C:\Users\Chrono\AppData\Local\Android\Sdk\tools\bin\..\lib\jsr305-1.3.9.jar;C:\Users\Chrono\AppData\Local\Android\Sdk\tools\bin\..\lib\repository-26.0.0-dev.jar;C:\Users\Chrono\AppData\Local\Android\Sdk\tools\bin\..\lib\j2objc-annotations-1.1.jar;C:\Users\Chrono\AppData\Local\Android\Sdk\tools\bin\..\lib\layoutlib-api-26.0.0-dev.jar;C:\Users\Chrono\AppData\Local\Android\Sdk\tools\bin\..\lib\gson-2.3.jar;C:\Users\Chrono\AppData\Local\Android\Sdk\tools\bin\..\lib\httpcore-4.2.5.jar;C:\Users\Chrono\AppData\Local\Android\Sdk\tools\bin\..\lib\commons-logging-1.1.1.jar;C:\Users\Chrono\AppData\Local\Android\Sdk\tools\bin\..\lib\commons-compress-1.12.jar;C:\Users\Chrono\AppData\Local\Android\Sdk\tools\bin\..\lib\annotations-26.0.0-dev.jar;C:\Users\Chrono\AppData\Local\Android\Sdk\tools\bin\..\lib\error_prone_annotations-2.0.18.jar;C:\Users\Chrono\AppData\Local\Android\Sdk\tools\bin\..\lib\animal-sniffer-annotations-1.14.jar;C:\Users\Chrono\AppData\Local\Android\Sdk\tools\bin\..\lib\httpclient-4.2.6.jar;C:\Users\Chrono\AppData\Local\Android\Sdk\tools\bin\..\lib\commons-codec-1.6.jar;C:\Users\Chrono\AppData\Local\Android\Sdk\tools\bin\..\lib\common-26.0.0-dev.jar;C:\Users\Chrono\AppData\Local\Android\Sdk\tools\bin\..\lib\kxml2-2.3.0.jar;C:\Users\Chrono\AppData\Local\Android\Sdk\tools\bin\..\lib\httpmime-4.1.jar;C:\Users\Chrono\AppData\Local\Android\Sdk\tools\bin\..\lib\annotations-12.0.jar;C:\Users\Chrono\AppData\Local\Android\Sdk\tools\bin\..\lib\sdklib-26.0.0-dev.jar;C:\Users\Chrono\AppData\Local\Android\Sdk\tools\bin\..\lib\guava-22.0.jar
Launcher Type: SUN_STANDARD

Environment Variables:
JAVA_HOME=C:\Program Files\Unity\Hub\Editor\2018.4.0f1\Editor\Data\PlaybackEngines\AndroidPlayer/Tools\OpenJDK\Windows
CLASSPATH=C:\Users\Chrono\AppData\Local\Android\Sdk\tools\bin\..\lib\dvlib-26.0.0-dev.jar;C:\Users\Chrono\AppData\Local\Android\Sdk\tools\bin\..\lib\jimfs-1.1.jar;C:\Users\Chrono\AppData\Local\Android\Sdk\tools\bin\..\lib\jsr305-1.3.9.jar;C:\Users\Chrono\AppData\Local\Android\Sdk\tools\bin\..\lib\repository-26.0.0-dev.jar;C:\Users\Chrono\AppData\Local\Android\Sdk\tools\bin\..\lib\j2objc-annotations-1.1.jar;C:\Users\Chrono\AppData\Local\Android\Sdk\tools\bin\..\lib\layoutlib-api-26.0.0-dev.jar;C:\Users\Chrono\AppData\Local\Android\Sdk\tools\bin\..\lib\gson-2.3.jar;C:\Users\Chrono\AppData\Local\Android\Sdk\tools\bin\..\lib\httpcore-4.2.5.jar;C:\Users\Chrono\AppData\Local\Android\Sdk\tools\bin\..\lib\commons-logging-1.1.1.jar;C:\Users\Chrono\AppData\Local\Android\Sdk\tools\bin\..\lib\commons-compress-1.12.jar;C:\Users\Chrono\AppData\Local\Android\Sdk\tools\bin\..\lib\annotations-26.0.0-dev.jar;C:\Users\Chrono\AppData\Local\Android\Sdk\tools\bin\..\lib\error_prone_annotations-2.0.18.jar;C:\Users\Chrono\AppData\Local\Android\Sdk\tools\bin\..\lib\animal-sniffer-annotations-1.14.jar;C:\Users\Chrono\AppData\Local\Android\Sdk\tools\bin\..\lib\httpclient-4.2.6.jar;C:\Users\Chrono\AppData\Local\Android\Sdk\tools\bin\..\lib\commons-codec-1.6.jar;C:\Users\Chrono\AppData\Local\Android\Sdk\tools\bin\..\lib\common-26.0.0-dev.jar;C:\Users\Chrono\AppData\Local\Android\Sdk\tools\bin\..\lib\kxml2-2.3.0.jar;C:\Users\Chrono\AppData\Local\Android\Sdk\tools\bin\..\lib\httpmime-4.1.jar;C:\Users\Chrono\AppData\Local\Android\Sdk\tools\bin\..\lib\annotations-12.0.jar;C:\Users\Chrono\AppData\Local\Android\Sdk\tools\bin\..\lib\sdklib-26.0.0-dev.jar;C:\Users\Chrono\AppData\Local\Android\Sdk\tools\bin\..\lib\guava-22.0.jar
PATH=C:\Program Files (x86)\Common Files\Oracle\Java\javapath;C:\Windows\system32;C:\Windows;C:\Windows\System32\Wbem;C:\Windows\System32\WindowsPowerShell\v1.0\;C:\Windows\System32\OpenSSH\;C:\Program Files (x86)\GtkSharp\2.12\bin;C:\Program Files\Microsoft SQL Server\110\Tools\Binn\;C:\Program Files\Common Files\Autodesk Shared\;C:\Program Files (x86)\Autodesk\Backburner\;C:\3dsmax5\backburner2\;C:\Program Files (x86)\Common Files\Autodesk Shared\;C:\Program Files (x86)\NVIDIA Corporation\PhysX\Common;C:\Program Files\Git\cmd;C:\Program Files\dotnet\;C:\Users\Chrono\AppData\Local\Microsoft\WindowsApps;C:\Users\Chrono\AppData\Local\GitHubDesktop\bin;C:\Users\Chrono\AppData\Local\Programs\Microsoft VS Code\bin
USERNAME=Chrono
OS=Windows_NT
PROCESSOR_IDENTIFIER=Intel64 Family 6 Model 42 Stepping 7, GenuineIntel



---------------  S Y S T E M  ---------------

OS: Windows 10.0 , 64 bit Build 17763 (10.0.17763.437)

CPU:total 8 (initial active 8) (4 cores per cpu, 2 threads per core) family 6 model 42 stepping 7, cmov, cx8, fxsr, mmx, sse, sse2, sse3, ssse3, sse4.1, sse4.2, popcnt, avx, aes, clmul, ht, tsc, tscinvbit

Memory: 4k page, physical 33518468k(11294008k free), swap 41907076k(228k free)

vm_info: OpenJDK 64-Bit Server VM (25.71-b00) for windows-amd64 JRE (1.8.0-adoptopenjdk-_2018_05_19_00_59-b00), built on May 19 2018 01:02:12 by "jenkins" with MS VC++ 10.0 (VS2010)

time: Wed Sep 25 04:33:07 2019
elapsed time: 0 seconds (0d 0h 0m 0s)

